<?xml version="1.0" encoding="UTF-8"?>
<!-- Generated by org.testng.reporters.JUnitReportReporter -->
<testsuite hostname="LAPTOP-CS9N7GH7" failures="0" tests="3" name="com.example.api.ApiTest" time="3.644" errors="0" timestamp="2024-12-01T21:07:59 GMT-05:00" skipped="0">
  <testcase classname="com.example.api.ApiTest" name="testAllPosts" time="2.901"/>
  <system-out/>
  <testcase classname="com.example.api.ApiTest" name="testGetRequest" time="0.531"/>
  <system-out/>
  <testcase classname="com.example.api.ApiTest" name="testPostRequest" time="0.212"/>
  <system-out/>
</testsuite> <!-- com.example.api.ApiTest -->
